Arguments: 
  /usr/local/Cellar/node@8/8.9.4/bin/node /usr/local/bin/yarn cli:update

PATH: 
  /usr/local/opt/node@8/bin:/usr/local/sbin:/Users/bilolwabona/.rvm/gems/ruby-2.2.5/bin:/Users/bilolwabona/.rvm/gems/ruby-2.2.5@global/bin:/Users/bilolwabona/.rvm/rubies/ruby-2.2.5/bin:/Users/bilolwabona/anaconda/bin:/usr/local/opt/icu4c-58/sbin:/usr/local/opt/icu4c-58/bin:/Users/bilolwabona/.local/bin:/usr/local/opt/mysql@5.6/bin:/Users/bilolwabona/.rvm/gems/ruby-2.3.3@insight-app/bin:/usr/local/bin:/usr/bin:/bin:/usr/sbin:/sbin:/usr/local/share/dotnet:/usr/local/opt/node@8/bin:/usr/local/sbin:/Users/bilolwabona/.rvm/gems/ruby-2.2.5/bin:/Users/bilolwabona/.rvm/gems/ruby-2.2.5@global/bin:/Users/bilolwabona/.rvm/rubies/ruby-2.2.5/bin:/Users/bilolwabona/anaconda/bin:/usr/local/opt/icu4c-58/sbin:/usr/local/opt/icu4c-58/bin:/Users/bilolwabona/.local/bin:/usr/local/opt/mysql@5.6/bin:/Users/bilolwabona/.rvm/gems/ruby-2.3.3@insight-app/bin:/opt/yarn-[version]/bin:~/code/clint/bin:/Users/bilolwabona/.rvm/bin:/opt/yarn-[version]/bin:/usr/local/bin:~/code/clint/bin

Yarn version: 
  1.5.1

Node version: 
  8.9.4

Platform: 
  darwin x64

npm manifest: 
  {
    "name": "gitit-cli",
    "version": "0.0.1",
    "description": "a cli that helps determine what a git command would do",
    "main": "cli.js",
    "scripts": {
      "test": "test",
      "start": "node ./cli.js",
      "build": "chmod +x cli.js",
      "cli:setup": "npm run build && npm link && npm install -g colors && npm install -g ./",
      "cli:update": "npm install -g ./",
      "deploy": "npm unlink && npm build && npm publish",
      "prepublish": "npm run build"
    },
    "keywords": [
      "git"
    ],
    "bin": {
      "gitit": "./cli.js"
    },
    "author": "Bilo Lwabona",
    "license": "ISC",
    "devDependencies": {
      "asciify": "^1.3.5",
      "asciify-image": "^0.1.1",
      "cli": "^1.0.1",
      "colors": "^1.2.1",
      "commander": "^2.15.0",
      "file-system": "^2.2.2"
    }
  }

yarn manifest: 
  No manifest

Lockfile: 
  No lockfile

Trace: 
  Error: Command failed.
  Exit code: 254
  Command: sh
  Arguments: -c npm install -g ./
  Directory: /Users/bilolwabona/Midnite/gitit-cli
  Output:
  
      at ProcessTermError.MessageError (/usr/local/lib/node_modules/yarn/lib/cli.js:186:110)
      at new ProcessTermError (/usr/local/lib/node_modules/yarn/lib/cli.js:226:113)
      at ChildProcess.<anonymous> (/usr/local/lib/node_modules/yarn/lib/cli.js:30281:17)
      at emitTwo (events.js:126:13)
      at ChildProcess.emit (events.js:214:7)
      at maybeClose (internal/child_process.js:925:16)
      at Process.ChildProcess._handle.onexit (internal/child_process.js:209:5)
